Using pre-set license
Built from '2021.1/staging' branch; Version is '2021.1.15f1 (e767a7370072) revision 15165351'; Using compiler version '192528614'; Build Type 'Release'
OS: 'Windows 10 Enterprise; OS build 22631.4317; Version 2009; 64bit' Language: 'en' Physical Memory: 32694 MB
BatchMode: 1, IsHumanControllingUs: 0, StartBugReporterOnCrash: 0, Is64bit: 1, IsPro: 0

 COMMAND LINE ARGUMENTS:
C:\Program Files\Unity\Hub\Editor\2021.1.15f1\Editor\Unity.exe
-adb2
-batchMode
-noUpm
-name
AssetImportWorker0
-projectPath
C:/Users/CasaTelerobotics/Documents/Telerobotics HDRP VR Sandbox
-logFile
Logs/AssetImportWorker0.log
-srvPort
63878
Successfully changed project path to: C:/Users/CasaTelerobotics/Documents/Telerobotics HDRP VR Sandbox
C:/Users/CasaTelerobotics/Documents/Telerobotics HDRP VR Sandbox
Using Asset Import Pipeline V2.
Refreshing native plugins compatible for Editor in 196.87 ms, found 12 plugins.
Preloading 1 native plugins for Editor in 0.63 ms.
Initialize engine version: 2021.1.15f1 (e767a7370072)
[Subsystems] Discovering subsystems at path C:/Program Files/Unity/Hub/Editor/2021.1.15f1/Editor/Data/Resources/UnitySubsystems
[Subsystems] Discovering subsystems at path C:/Users/CasaTelerobotics/Documents/Telerobotics HDRP VR Sandbox/Assets
GfxDevice: creating device client; threaded=0; jobified=0
Direct3D:
    Version:  Direct3D 11.0 [level 11.1]
    Renderer: NVIDIA GeForce RTX 2060 (ID=0x1f08)
    Vendor:   NVIDIA
    VRAM:     5955 MB
    Driver:   32.0.15.6094
Shader 'Oculus/OVRMRCameraFrameLit': fallback shader 'Alpha-Diffuse' not found
Initialize mono
Mono path[0] = 'C:/Program Files/Unity/Hub/Editor/2021.1.15f1/Editor/Data/Managed'
Mono path[1] = 'C:/Program Files/Unity/Hub/Editor/2021.1.15f1/Editor/Data/MonoBleedingEdge/lib/mono/unityjit'
Mono config path = 'C:/Program Files/Unity/Hub/Editor/2021.1.15f1/Editor/Data/MonoBleedingEdge/etc'
Using monoOptions --debugger-agent=transport=dt_socket,embedding=1,server=y,suspend=n,address=127.0.0.1:56572
Begin MonoManager ReloadAssembly
Registering precompiled unity dll's ...
Register platform support module: C:/Program Files/Unity/Hub/Editor/2021.1.15f1/Editor/Data/PlaybackEngines/WindowsStandaloneSupport/UnityEditor.WindowsStandalone.Extensions.dll
Registered in 0.001352 seconds.
Native extension for WindowsStandalone target not found
Refreshing native plugins compatible for Editor in 168.86 ms, found 12 plugins.
Preloading 1 native plugins for Editor in 0.06 ms.
Mono: successfully reloaded assembly
- Completed reload, in  1.162 seconds
Domain Reload Profiling:
	ReloadAssembly (1162ms)
		BeginReloadAssembly (42ms)
			ExecutionOrderSort (0ms)
			DisableScriptedObjects (0ms)
			BackupInstance (0ms)
			ReleaseScriptingObjects (0ms)
			CreateAndSetChildDomain (1ms)
		EndReloadAssembly (460ms)
			LoadAssemblies (40ms)
			RebuildTransferFunctionScriptingTraits (0ms)
			SetupTypeCache (128ms)
			ReleaseScriptCaches (0ms)
			RebuildScriptCaches (23ms)
			SetupLoadedEditorAssemblies (271ms)
				LogAssemblyErrors (0ms)
				InitializePlatformSupportModulesInManaged (5ms)
				SetLoadedEditorAssemblies (0ms)
				RefreshPlugins (169ms)
				BeforeProcessingInitializeOnLoad (1ms)
				ProcessInitializeOnLoadAttributes (74ms)
				ProcessInitializeOnLoadMethodAttributes (22ms)
				AfterProcessingInitializeOnLoad (0ms)
				EditorAssembliesLoaded (0ms)
			ExecutionOrderSort2 (0ms)
			AwakeInstancesAfterBackupRestoration (0ms)
Platform modules already initialized, skipping
Registering precompiled user dll's ...
Registered in 0.008885 seconds.
Begin MonoManager ReloadAssembly
Symbol file LoadedFromMemory doesn't match image C:\Users\CasaTelerobotics\Documents\Telerobotics HDRP VR Sandbox\Library\PackageCache\com.unity.visualscripting@1.6.1\Editor\VisualScripting.Core\Dependencies\DotNetZip\Unity.VisualScripting.IonicZip.dll
Symbol file LoadedFromMemory doesn't match image C:\Users\CasaTelerobotics\Documents\Telerobotics HDRP VR Sandbox\Library\PackageCache\com.unity.visualscripting@1.6.1\Editor\VisualScripting.Core\Dependencies\YamlDotNet\Unity.VisualScripting.YamlDotNet.dll
Native extension for WindowsStandalone target not found
Refreshing native plugins compatible for Editor in 175.29 ms, found 12 plugins.
Preloading 1 native plugins for Editor in 0.06 ms.
[XR] OculusXRPlugin: registering subsystems
[XR] Unable to register display lifecyle provider: [1]
[XR] Oculus Input lifecycle provider registered.
[XR] Unable to register input lifecyle provider: [1]
[XR] OVRP version 1.52.0
Mono: successfully reloaded assembly
- Completed reload, in  1.569 seconds
Domain Reload Profiling:
	ReloadAssembly (1569ms)
		BeginReloadAssembly (116ms)
			ExecutionOrderSort (0ms)
			DisableScriptedObjects (4ms)
			BackupInstance (0ms)
			ReleaseScriptingObjects (0ms)
			CreateAndSetChildDomain (16ms)
		EndReloadAssembly (1402ms)
			LoadAssemblies (80ms)
			RebuildTransferFunctionScriptingTraits (0ms)
			SetupTypeCache (374ms)
			ReleaseScriptCaches (1ms)
			RebuildScriptCaches (84ms)
			SetupLoadedEditorAssemblies (770ms)
				LogAssemblyErrors (0ms)
				InitializePlatformSupportModulesInManaged (3ms)
				SetLoadedEditorAssemblies (0ms)
				RefreshPlugins (175ms)
				BeforeProcessingInitializeOnLoad (104ms)
				ProcessInitializeOnLoadAttributes (353ms)
				ProcessInitializeOnLoadMethodAttributes (129ms)
				AfterProcessingInitializeOnLoad (5ms)
				EditorAssembliesLoaded (0ms)
			ExecutionOrderSort2 (0ms)
			AwakeInstancesAfterBackupRestoration (6ms)
Platform modules already initialized, skipping
========================================================================
Worker process is ready to serve import requests
Shader 'Oculus/OVRMRCameraFrameLit': fallback shader 'Alpha-Diffuse' not found
Launched and connected shader compiler UnityShaderCompiler.exe after 0.03 seconds
Refreshing native plugins compatible for Editor in 2.00 ms, found 12 plugins.
Preloading 1 native plugins for Editor in 0.12 ms.
Unloading 6881 Unused Serialized files (Serialized files now loaded: 0)
System memory in use before: 288.5 MB.
System memory in use after: 289.0 MB.

Unloading 64 unused Assets to reduce memory usage. Loaded Objects now: 7330.
Total: 5.212600 ms (FindLiveObjects: 1.092200 ms CreateObjectMapping: 0.569600 ms MarkObjects: 3.452300 ms  DeleteObjects: 0.096100 ms)

AssetImportParameters requested are different than current active one (requested -> active):
  custom:framework-win-MediaFoundation: 216162199b28c13a410421893ffa2e32 -> 
  custom:video-decoder-ogg-theora: a1e56fd34408186e4bbccfd4996cb3dc -> 
  custom:container-muxer-webm: aa71ff27fc2769a1b78a27578f13a17b -> 
  custom:container-demuxer-webm: 4f35f7cbe854078d1ac9338744f61a02 -> 
  custom:container-demuxer-ogg: 62fdf1f143b41e24485cea50d1cbac27 -> 
  custom:video-encoder-webm-vp8: eb34c28f22e8b96e1ab97ce403110664 -> 
  custom:video-decoder-webm-vp8: 9c59270c3fd7afecdb556c50c9e8de78 -> 
  custom:audio-decoder-ogg-vorbis: bf7c407c2cedff20999df2af8eb42d56 -> 
  custom:audio-encoder-webm-vorbis: bf7c407c2cedff20999df2af8eb42d56 -> 
========================================================================
Received Import Request.
  path: Assets/meshes/Cylinder 127.asset
  artifactKey: Guid(2a8a80bee192d91459f8b9b850c235ea) Importer(815301076,1909f56bfc062723c751e8b465ee728b)
Start importing Assets/meshes/Cylinder 127.asset using Guid(2a8a80bee192d91459f8b9b850c235ea) Importer(815301076,1909f56bfc062723c751e8b465ee728b)  -> (artifact id: '70a6bee545aeee38ae898244585c006b') in 0.110171 seconds 
========================================================================
Received Import Request.
  Time since last request: 0.185454 seconds.
  path: Assets/VR Sandbox/Scripts/ArmSubscriber.cs
  artifactKey: Guid(678644fbfa4bc844d8f5eb8a35bd770c) Importer(815301076,1909f56bfc062723c751e8b465ee728b)
Start importing Assets/VR Sandbox/Scripts/ArmSubscriber.cs using Guid(678644fbfa4bc844d8f5eb8a35bd770c) Importer(815301076,1909f56bfc062723c751e8b465ee728b)  -> (artifact id: '4c1dc9c5b71e741a2bbc7a7fd592fbfc') in 0.008767 seconds 
========================================================================
Received Import Request.
  Time since last request: 0.216482 seconds.
  path: Assets/VR Sandbox/Scripts/ArmController.cs
  artifactKey: Guid(88202979b80e0514caca99f22e25fa46) Importer(815301076,1909f56bfc062723c751e8b465ee728b)
Start importing Assets/VR Sandbox/Scripts/ArmController.cs using Guid(88202979b80e0514caca99f22e25fa46) Importer(815301076,1909f56bfc062723c751e8b465ee728b)  -> (artifact id: '6705724dc0dd786cb6b73c14f28a8661') in 0.006074 seconds 
========================================================================
Received Import Request.
  Time since last request: 0.290099 seconds.
  path: Assets/meshes/Cylinder 128.asset
  artifactKey: Guid(dcd43bbbefcae954f85649df7d40f793) Importer(815301076,1909f56bfc062723c751e8b465ee728b)
Start importing Assets/meshes/Cylinder 128.asset using Guid(dcd43bbbefcae954f85649df7d40f793) Importer(815301076,1909f56bfc062723c751e8b465ee728b)  -> (artifact id: '60743f160e1f8f1f85f576ff9bb915f5') in 0.011746 seconds 
========================================================================
Received Import Request.
  Time since last request: 338161.735785 seconds.
  path: Assets/meshes/Cylinder 120.asset
  artifactKey: Guid(28d55ab869001a8418f001985acba5c7) Importer(815301076,1909f56bfc062723c751e8b465ee728b)
Start importing Assets/meshes/Cylinder 120.asset using Guid(28d55ab869001a8418f001985acba5c7) Importer(815301076,1909f56bfc062723c751e8b465ee728b)  -> (artifact id: '11b80cb15d786932f9dd627b1c6a1524') in 0.046643 seconds 
========================================================================
Received Import Request.
  Time since last request: 0.000221 seconds.
  path: Assets/meshes/Cylinder 129.asset
  artifactKey: Guid(247f38f506c966c4bb831ae8b80688d2) Importer(815301076,1909f56bfc062723c751e8b465ee728b)
Start importing Assets/meshes/Cylinder 129.asset using Guid(247f38f506c966c4bb831ae8b80688d2) Importer(815301076,1909f56bfc062723c751e8b465ee728b)  -> (artifact id: '6b67927568cd5dd189ba0a937d6005e9') in 0.019562 seconds 
========================================================================
Received Import Request.
  Time since last request: 0.000223 seconds.
  path: Assets/meshes/Cylinder 136.asset
  artifactKey: Guid(eb016b9e140eb3c4193ab36ea5909478) Importer(815301076,1909f56bfc062723c751e8b465ee728b)
Start importing Assets/meshes/Cylinder 136.asset using Guid(eb016b9e140eb3c4193ab36ea5909478) Importer(815301076,1909f56bfc062723c751e8b465ee728b)  -> (artifact id: '5f0e42cb7b9e52f611ac74379cc505f3') in 0.029858 seconds 
========================================================================
Received Import Request.
  Time since last request: 0.000358 seconds.
  path: Assets/meshes/Cylinder 134.asset
  artifactKey: Guid(0ff397ae260c85043b7f9896b6fcc0d3) Importer(815301076,1909f56bfc062723c751e8b465ee728b)
Start importing Assets/meshes/Cylinder 134.asset using Guid(0ff397ae260c85043b7f9896b6fcc0d3) Importer(815301076,1909f56bfc062723c751e8b465ee728b)  -> (artifact id: '1a65b1a273ec243146c70ca5abde5b39') in 0.023237 seconds 
========================================================================
Received Import Request.
  Time since last request: 0.000306 seconds.
  path: Assets/meshes/Cylinder 130.asset
  artifactKey: Guid(71ec94a407760e542b0d57327e44c48d) Importer(815301076,1909f56bfc062723c751e8b465ee728b)
Start importing Assets/meshes/Cylinder 130.asset using Guid(71ec94a407760e542b0d57327e44c48d) Importer(815301076,1909f56bfc062723c751e8b465ee728b)  -> (artifact id: 'f382d7f7127f12452ff71c1b4249506c') in 0.029047 seconds 
========================================================================
Received Import Request.
  Time since last request: 0.000241 seconds.
  path: Assets/meshes/Cylinder 126.asset
  artifactKey: Guid(6b54db00c7935e042bd871ac82bc514e) Importer(815301076,1909f56bfc062723c751e8b465ee728b)
Start importing Assets/meshes/Cylinder 126.asset using Guid(6b54db00c7935e042bd871ac82bc514e) Importer(815301076,1909f56bfc062723c751e8b465ee728b)  -> (artifact id: '49f36e2c82f98ef71ab0a5b9748d7864') in 0.021071 seconds 
========================================================================
Received Import Request.
  Time since last request: 0.000312 seconds.
  path: Assets/meshes/Cylinder 132.asset
  artifactKey: Guid(5ca59ac5755bd284d8ccb9e67bf287b8) Importer(815301076,1909f56bfc062723c751e8b465ee728b)
Start importing Assets/meshes/Cylinder 132.asset using Guid(5ca59ac5755bd284d8ccb9e67bf287b8) Importer(815301076,1909f56bfc062723c751e8b465ee728b)  -> (artifact id: '0d67bb9e950ad692b4c57a0f18852ad5') in 0.026496 seconds 
========================================================================
Received Import Request.
  Time since last request: 0.000330 seconds.
  path: Assets/meshes/Cylinder 125.asset
  artifactKey: Guid(2133b7749443034489f483de4f14e646) Importer(815301076,1909f56bfc062723c751e8b465ee728b)
Start importing Assets/meshes/Cylinder 125.asset using Guid(2133b7749443034489f483de4f14e646) Importer(815301076,1909f56bfc062723c751e8b465ee728b)  -> (artifact id: 'df7975179b97ca530301939b11b330ea') in 0.040356 seconds 
========================================================================
Received Import Request.
  Time since last request: 0.000324 seconds.
  path: Assets/meshes/Cylinder 121.asset
  artifactKey: Guid(95462b8f2fe7ff748a03cd368e6dd06d) Importer(815301076,1909f56bfc062723c751e8b465ee728b)
Start importing Assets/meshes/Cylinder 121.asset using Guid(95462b8f2fe7ff748a03cd368e6dd06d) Importer(815301076,1909f56bfc062723c751e8b465ee728b)  -> (artifact id: 'dbd0953e93ba9cc18a1516425a1bb904') in 0.021181 seconds 
========================================================================
Received Import Request.
  Time since last request: 0.000276 seconds.
  path: Assets/meshes/Cylinder 123.asset
  artifactKey: Guid(176960a115cdcba47bbe0a9ae89de866) Importer(815301076,1909f56bfc062723c751e8b465ee728b)
Start importing Assets/meshes/Cylinder 123.asset using Guid(176960a115cdcba47bbe0a9ae89de866) Importer(815301076,1909f56bfc062723c751e8b465ee728b)  -> (artifact id: '90328b0cb671dad3bc15b2f8ef9dfc03') in 0.022422 seconds 
========================================================================
Received Import Request.
  Time since last request: 0.000304 seconds.
  path: Assets/meshes/Cylinder 122.asset
  artifactKey: Guid(d92dd26189ca05147b84730abb8cac19) Importer(815301076,1909f56bfc062723c751e8b465ee728b)
Start importing Assets/meshes/Cylinder 122.asset using Guid(d92dd26189ca05147b84730abb8cac19) Importer(815301076,1909f56bfc062723c751e8b465ee728b)  -> (artifact id: '2a91c082a8c11df911127c4d70434c67') in 0.023546 seconds 
========================================================================
Received Import Request.
  Time since last request: 0.000359 seconds.
  path: Assets/meshes/Cylinder 124.asset
  artifactKey: Guid(19b01e6c48ab9b549a594cb7f5623aeb) Importer(815301076,1909f56bfc062723c751e8b465ee728b)
Start importing Assets/meshes/Cylinder 124.asset using Guid(19b01e6c48ab9b549a594cb7f5623aeb) Importer(815301076,1909f56bfc062723c751e8b465ee728b)  -> (artifact id: 'ae4ed9c4ae4ddbb5ed5260d0fba3f7fb') in 0.023279 seconds 
========================================================================
Received Import Request.
  Time since last request: 0.000291 seconds.
  path: Assets/meshes/Cylinder 133.asset
  artifactKey: Guid(3c688d9b5f008fd469c76fdb759739c5) Importer(815301076,1909f56bfc062723c751e8b465ee728b)
Start importing Assets/meshes/Cylinder 133.asset using Guid(3c688d9b5f008fd469c76fdb759739c5) Importer(815301076,1909f56bfc062723c751e8b465ee728b)  -> (artifact id: '015b9e935d6398166b57e30d2ca8f6e8') in 0.024270 seconds 
========================================================================
Received Import Request.
  Time since last request: 0.000307 seconds.
  path: Assets/meshes/Cylinder 135.asset
  artifactKey: Guid(8afa990a60eeef145a0fa6e750e6bd8a) Importer(815301076,1909f56bfc062723c751e8b465ee728b)
Start importing Assets/meshes/Cylinder 135.asset using Guid(8afa990a60eeef145a0fa6e750e6bd8a) Importer(815301076,1909f56bfc062723c751e8b465ee728b)  -> (artifact id: 'a22876ee377844b1143843e89da1d005') in 0.022787 seconds 
========================================================================
Received Import Request.
  Time since last request: 0.000320 seconds.
  path: Assets/meshes/Cylinder 131.asset
  artifactKey: Guid(05968358f631c5042aeabda0b4969ddb) Importer(815301076,1909f56bfc062723c751e8b465ee728b)
Start importing Assets/meshes/Cylinder 131.asset using Guid(05968358f631c5042aeabda0b4969ddb) Importer(815301076,1909f56bfc062723c751e8b465ee728b)  -> (artifact id: '2937e58f2da333d697de8aa2d868eed3') in 0.022461 seconds 
